#
# There is insufficient memory for the Java Runtime Environment to continue.
# Native memory allocation (malloc) failed to allocate 1048576 bytes. Error detail: AllocateHeap
# Possible reasons:
#   The system is out of physical RAM or swap space
#   This process is running with CompressedOops enabled, and the Java Heap may be blocking the growth of the native heap
# Possible solutions:
#   Reduce memory load on the system
#   Increase physical memory or swap space
#   Check if swap backing store is full
#   Decrease Java heap size (-Xmx/-Xms)
#   Decrease number of Java threads
#   Decrease Java thread stack sizes (-Xss)
#   Set larger code cache with -XX:ReservedCodeCacheSize=
#   JVM is running with Unscaled Compressed Oops mode in which the Java heap is
#     placed in the first 4GB address space. The Java Heap base address is the
#     maximum limit for the native heap growth. Please use -XX:HeapBaseMinAddress
#     to set the Java Heap base and to place the Java Heap above 4GB virtual address.
# This output file may be truncated or incomplete.
#
#  Out of Memory Error (allocation.cpp:44), pid=14076, tid=17532
#
# JRE version:  (21.0.5+8) (build )
# Java VM: OpenJDK 64-Bit Server VM (21.0.5+8-b631.28, mixed mode, sharing, tiered, compressed oops, compressed class ptrs, g1 gc, windows-amd64)
# No core dump will be written. Minidumps are not enabled by default on client versions of Windows
#

---------------  S U M M A R Y ------------

Command Line: git4idea.http.GitAskPassApp Username for 'https://github.com': 

Host: Intel(R) Core(TM) i5-7200U CPU @ 2.50GHz, 4 cores, 7G,  Windows 10 , 64 bit Build 19041 (10.0.19041.5438)
Time: Mon May 19 16:04:59 2025 FLE Daylight Time elapsed time: 0.019424 seconds (0d 0h 0m 0s)

---------------  T H R E A D  ---------------

Current thread (0x000001c0e2f4c9e0):  JavaThread "Unknown thread" [_thread_in_vm, id=17532, stack(0x0000008b1c600000,0x0000008b1c700000) (1024K)]

Stack: [0x0000008b1c600000,0x0000008b1c700000]
Native frames: (J=compiled Java code, j=interpreted, Vv=VM code, C=native code)
V  [jvm.dll+0x6e52b9]
V  [jvm.dll+0x8c3633]
V  [jvm.dll+0x8c5b8e]
V  [jvm.dll+0x8c6273]
V  [jvm.dll+0x288f46]
V  [jvm.dll+0xc0e57]
V  [jvm.dll+0x33e2e5]
V  [jvm.dll+0x3368f1]
V  [jvm.dll+0x88aa89]
V  [jvm.dll+0x3ca518]
V  [jvm.dll+0x873b98]
V  [jvm.dll+0x45eede]
V  [jvm.dll+0x460bc1]
C  [jli.dll+0x52ab]
C  [ucrtbase.dll+0x21bb2]
C  [KERNEL32.DLL+0x17374]
C  [ntdll.dll+0x4cc91]


---------------  P R O C E S S  ---------------

Threads class SMR info:
_java_thread_list=0x00007ff9c816a148, length=0, elements={
}

Java Threads: ( => current thread )
Total: 0

Other Threads:
  0x000001c0e504e5a0 WorkerThread "GC Thread#0"                     [id=18584, stack(0x0000008b1c700000,0x0000008b1c800000) (1024K)]

[error occurred during error reporting (printing all threads), id 0xc0000005, EXCEPTION_ACCESS_VIOLATION (0xc0000005) at pc=0x00007ff9c7852ed0]
VM state: not at safepoint (not fully initialized)

VM Mutex/Monitor currently owned by a thread:  ([mutex/lock_event])
[0x00007ff9c81deb30] Heap_lock - owner thread: 0x000001c0e2f4c9e0

Heap address: 0x0000000086000000, size: 1952 MB, Compressed Oops mode: 32-bit

CDS archive(s) mapped at: [0x0000000000000000-0x0000000000000000-0x0000000000000000), size 0, SharedBaseAddress: 0x0000000800000000, ArchiveRelocationMode: 1.
Narrow klass base: 0x0000000000000000, Narrow klass shift: 0, Narrow klass range: 0x0

GC Precious Log:
 CardTable entry size: 512
 Card Set container configuration: InlinePtr #cards 5 size 8 Array Of Cards #cards 12 size 40 Howl #buckets 4 coarsen threshold 1843 Howl Bitmap #cards 512 size 80 coarsen threshold 460 Card regions per heap region 1 cards per card region 2048

Heap:
 garbage-first heap   total 0K, used 0K [0x0000000086000000, 0x0000000100000000)
  region size 1024K, 0 young (0K), 0 survivors (0K)
 Metaspace       used 0K, committed 0K, reserved 0K
  class space    used 0K, committed 0K, reserved 0K

Heap Regions: E=young(eden), S=young(survivor), O=old, HS=humongous(starts), HC=humongous(continues), CS=collection set, F=free, TAMS=top-at-mark-start, PB=parsable bottom

Card table byte_map: [0x000001c0f8370000,0x000001c0f8740000] _byte_map_base: 0x000001c0f7f40000

GC Heap History (0 events):
No events

Dll operation events (1 events):
Event: 0.012 Loaded shared library C:\Program Files\JetBrains\IntelliJ IDEA 2024.3.1.1\jbr\bin\java.dll

Deoptimization events (0 events):
No events

Classes loaded (0 events):
No events

Classes unloaded (0 events):
No events

Classes redefined (0 events):
No events

Internal exceptions (0 events):
No events

ZGC Phase Switch (0 events):
No events

VM Operations (0 events):
No events

Memory protections (0 events):
No events

Nmethod flushes (0 events):
No events

Events (0 events):
No events


Dynamic libraries:
0x00007ff7ca590000 - 0x00007ff7ca59a000 	C:\Program Files\JetBrains\IntelliJ IDEA 2024.3.1.1\jbr\bin\java.exe
0x00007ffa54ad0000 - 0x00007ffa54cc8000 	C:\WINDOWS\SYSTEM32\ntdll.dll
0x00007ffa54310000 - 0x00007ffa543d2000 	C:\WINDOWS\System32\KERNEL32.DLL
0x00007ffa52380000 - 0x00007ffa5267f000 	C:\WINDOWS\System32\KERNELBASE.dll
0x00007ffa528d0000 - 0x00007ffa529d0000 	C:\WINDOWS\System32\ucrtbase.dll
0x00007ffa4c270000 - 0x00007ffa4c28b000 	C:\Program Files\JetBrains\IntelliJ IDEA 2024.3.1.1\jbr\bin\VCRUNTIME140.dll
0x00007ffa4c320000 - 0x00007ffa4c338000 	C:\Program Files\JetBrains\IntelliJ IDEA 2024.3.1.1\jbr\bin\jli.dll
0x00007ffa53f70000 - 0x00007ffa5410d000 	C:\WINDOWS\System32\USER32.dll
0x00007ffa522a0000 - 0x00007ffa522c2000 	C:\WINDOWS\System32\win32u.dll
0x00007ffa54460000 - 0x00007ffa5448b000 	C:\WINDOWS\System32\GDI32.dll
0x00007ffa529d0000 - 0x00007ffa52aea000 	C:\WINDOWS\System32\gdi32full.dll
0x00007ffa52200000 - 0x00007ffa5229d000 	C:\WINDOWS\System32\msvcp_win.dll
0x00007ffa43f30000 - 0x00007ffa441ca000 	C:\WINDOWS\WinSxS\amd64_microsoft.windows.common-controls_6595b64144ccf1df_6.0.19041.4355_none_60b8b9eb71f62e16\COMCTL32.dll
0x00007ffa54110000 - 0x00007ffa541ae000 	C:\WINDOWS\System32\msvcrt.dll
0x00007ffa54220000 - 0x00007ffa5424f000 	C:\WINDOWS\System32\IMM32.DLL
0x00007ffa4c550000 - 0x00007ffa4c55c000 	C:\Program Files\JetBrains\IntelliJ IDEA 2024.3.1.1\jbr\bin\vcruntime140_1.dll
0x00007ffa3e7b0000 - 0x00007ffa3e83d000 	C:\Program Files\JetBrains\IntelliJ IDEA 2024.3.1.1\jbr\bin\msvcp140.dll
0x00007ff9c7510000 - 0x00007ff9c82d1000 	C:\Program Files\JetBrains\IntelliJ IDEA 2024.3.1.1\jbr\bin\server\jvm.dll
0x00007ffa54250000 - 0x00007ffa542ff000 	C:\WINDOWS\System32\ADVAPI32.dll
0x00007ffa52c40000 - 0x00007ffa52cdf000 	C:\WINDOWS\System32\sechost.dll
0x00007ffa52b10000 - 0x00007ffa52c33000 	C:\WINDOWS\System32\RPCRT4.dll
0x00007ffa528a0000 - 0x00007ffa528c7000 	C:\WINDOWS\System32\bcrypt.dll
0x00007ffa54970000 - 0x00007ffa549db000 	C:\WINDOWS\System32\WS2_32.dll
0x00007ffa51ce0000 - 0x00007ffa51d2b000 	C:\WINDOWS\SYSTEM32\POWRPROF.dll
0x00007ffa446d0000 - 0x00007ffa446f7000 	C:\WINDOWS\SYSTEM32\WINMM.dll
0x00007ffa4bbc0000 - 0x00007ffa4bbca000 	C:\WINDOWS\SYSTEM32\VERSION.dll
0x00007ffa51cc0000 - 0x00007ffa51cd2000 	C:\WINDOWS\SYSTEM32\UMPDC.dll
0x00007ffa4fe10000 - 0x00007ffa4fe22000 	C:\WINDOWS\SYSTEM32\kernel.appcore.dll
0x00007ffa4c260000 - 0x00007ffa4c26a000 	C:\Program Files\JetBrains\IntelliJ IDEA 2024.3.1.1\jbr\bin\jimage.dll
0x00007ffa49610000 - 0x00007ffa497f4000 	C:\WINDOWS\SYSTEM32\DBGHELP.DLL
0x00007ffa495b0000 - 0x00007ffa495e4000 	C:\WINDOWS\SYSTEM32\dbgcore.DLL
0x00007ffa52170000 - 0x00007ffa521f2000 	C:\WINDOWS\System32\bcryptPrimitives.dll
0x00007ffa4c200000 - 0x00007ffa4c220000 	C:\Program Files\JetBrains\IntelliJ IDEA 2024.3.1.1\jbr\bin\java.dll

dbghelp: loaded successfully - version: 4.0.5 - missing functions: none
symbol engine: initialized successfully - sym options: 0x614 - pdb path: .;C:\Program Files\JetBrains\IntelliJ IDEA 2024.3.1.1\jbr\bin;C:\WINDOWS\SYSTEM32;C:\WINDOWS\WinSxS\amd64_microsoft.windows.common-controls_6595b64144ccf1df_6.0.19041.4355_none_60b8b9eb71f62e16;C:\Program Files\JetBrains\IntelliJ IDEA 2024.3.1.1\jbr\bin\server

VM Arguments:
java_command: git4idea.http.GitAskPassApp Username for 'https://github.com': 
java_class_path (initial): C:/Program Files/JetBrains/IntelliJ IDEA 2024.3.1.1/plugins/vcs-git/lib/git4idea-rt.jar;C:/Program Files/JetBrains/IntelliJ IDEA 2024.3.1.1/lib/externalProcess-rt.jar
Launcher Type: SUN_STANDARD

[Global flags]
     intx CICompilerCount                          = 3                                         {product} {ergonomic}
     uint ConcGCThreads                            = 1                                         {product} {ergonomic}
     uint G1ConcRefinementThreads                  = 4                                         {product} {ergonomic}
   size_t G1HeapRegionSize                         = 1048576                                   {product} {ergonomic}
    uintx GCDrainStackTargetSize                   = 64                                        {product} {ergonomic}
   size_t InitialHeapSize                          = 127926272                                 {product} {ergonomic}
   size_t MarkStackSize                            = 4194304                                   {product} {ergonomic}
   size_t MaxHeapSize                              = 2046820352                                {product} {ergonomic}
   size_t MinHeapDeltaBytes                        = 1048576                                   {product} {ergonomic}
   size_t MinHeapSize                              = 8388608                                   {product} {ergonomic}
    uintx NonNMethodCodeHeapSize                   = 5832780                                {pd product} {ergonomic}
    uintx NonProfiledCodeHeapSize                  = 122912730                              {pd product} {ergonomic}
    uintx ProfiledCodeHeapSize                     = 122912730                              {pd product} {ergonomic}
    uintx ReservedCodeCacheSize                    = 251658240                              {pd product} {ergonomic}
     bool SegmentedCodeCache                       = true                                      {product} {ergonomic}
   size_t SoftMaxHeapSize                          = 2046820352                             {manageable} {ergonomic}
     bool UseCompressedOops                        = true                           {product lp64_product} {ergonomic}
     bool UseG1GC                                  = true                                      {product} {ergonomic}
     bool UseLargePagesIndividualAllocation        = false                                  {pd product} {ergonomic}

Logging:
Log output configuration:
 #0: stdout all=warning uptime,level,tags foldmultilines=false
 #1: stderr all=off uptime,level,tags foldmultilines=false

Environment Variables:
PATH=C:/Program Files/Git/mingw64/libexec/git-core;C:/Program Files/Git/mingw64/libexec/git-core;C:\Program Files\Git\mingw64\bin;C:\Program Files\Git\usr\bin;C:\Users\opilane\bin;C:\WINDOWS\system32;C:\WINDOWS;C:\WINDOWS\System32\Wbem;C:\WINDOWS\System32\WindowsPowerShell\v1.0\;C:\WINDOWS\System32\OpenSSH\;C:\Program Files\nodejs\;C:\Program Files\Git\cmd;C:\Users\opilane\AppData\Local\Microsoft\WindowsApps;C:\Users\opilane\AppData\Roaming\npm
USERNAME=opilane
DISPLAY=:0.0
LC_ALL=en_US.UTF-8
TERM=xterm-256color
TMPDIR=C:\Users\opilane\AppData\Local\Temp
OS=Windows_NT
PROCESSOR_IDENTIFIER=Intel64 Family 6 Model 142 Stepping 9, GenuineIntel
TMP=C:\Users\opilane\AppData\Local\Temp
TEMP=C:\Users\opilane\AppData\Local\Temp




Periodic native trim disabled

JNI global refs:
JNI global refs: 0, weak refs: 0

JNI global refs memory usage: 0, weak refs: 0

Process memory usage:
Resident Set Size: 10228K (0% of 7987948K total physical memory with 322056K free physical memory)

OOME stack traces (most recent first):
Classloader memory used:

---------------  S Y S T E M  ---------------

OS:
 Windows 10 , 64 bit Build 19041 (10.0.19041.5438)
OS uptime: 32 days 3:25 hours

CPU: total 4 (initial active 4) (2 cores per cpu, 2 threads per core) family 6 model 142 stepping 9 microcode 0xd6, cx8, cmov, fxsr, ht, mmx, 3dnowpref, sse, sse2, sse3, ssse3, sse4.1, sse4.2, popcnt, lzcnt, tsc, tscinvbit, avx, avx2, aes, erms, clmul, bmi1, bmi2, adx, fma, vzeroupper, clflush, clflushopt, rdtscp, f16c
Processor Information for all 4 processors :
  Max Mhz: 2712, Current Mhz: 2511, Mhz Limit: 2495

Memory: 4k page, system-wide physical 7800M (314M free)
TotalPageFile size 31352M (AvailPageFile size 4M)
current process WorkingSet (physical memory assigned to process): 10M, peak: 10M
current process commit charge ("private bytes"): 48M, peak: 49M

vm_info: OpenJDK 64-Bit Server VM (21.0.5+8-b631.28) for windows-amd64 JRE (21.0.5+8-b631.28), built on 2024-11-23 by "builduser" with MS VC++ 16.10 / 16.11 (VS2019)

END.
